<?xml version="1.0" encoding="UTF-8"?>
<!-- Generated by org.testng.reporters.JUnitXMLReporter -->
<testsuite ignored="0" hostname="kayan" failures="0" tests="5" name="Test_chrome" time="206.955" errors="0" timestamp="2025-03-21T20:55:29 IST">
  <testcase classname="createCampaign.CreateCampaingTest" name="createCampaignTest" time="40.439"/>
  <testcase classname="createCampaign.CreateCampaingTest" name="createCampaignWithDateTest" time="39.017"/>
  <testcase classname="login.Login_test" name="loginTest" time="17.47"/>
  <testcase classname="createProduct.CreateProduct" name="createProductTest" time="44.312"/>
  <testcase classname="createContact.createContact1" name="createContactWithCampaignTest" time="65.45"/>
</testsuite> <!-- Test_chrome -->
